mode: set
github.com/amupxm/xmus-router/handlers.go:5.68,7.2 1 1
github.com/amupxm/xmus-router/handlers.go:9.69,11.2 1 1
github.com/amupxm/xmus-router/handlers.go:12.68,14.2 1 1
github.com/amupxm/xmus-router/handlers.go:15.71,17.2 1 1
github.com/amupxm/xmus-router/handlers.go:18.70,20.2 1 1
github.com/amupxm/xmus-router/handlers.go:21.81,23.2 1 0
github.com/amupxm/xmus-router/path.go:8.38,9.35 1 1
github.com/amupxm/xmus-router/path.go:12.2,12.20 1 1
github.com/amupxm/xmus-router/path.go:15.2,15.34 1 1
github.com/amupxm/xmus-router/path.go:18.2,18.42 1 1
github.com/amupxm/xmus-router/path.go:21.2,21.41 1 1
github.com/amupxm/xmus-router/path.go:24.2,24.73 1 0
github.com/amupxm/xmus-router/path.go:9.35,11.3 1 1
github.com/amupxm/xmus-router/path.go:12.20,14.3 1 1
github.com/amupxm/xmus-router/path.go:15.34,17.3 1 0
github.com/amupxm/xmus-router/path.go:18.42,20.3 1 1
github.com/amupxm/xmus-router/path.go:21.41,23.3 1 1
github.com/amupxm/xmus-router/router.go:40.43,48.32 2 1
github.com/amupxm/xmus-router/router.go:51.2,51.40 1 1
github.com/amupxm/xmus-router/router.go:54.2,56.16 2 1
github.com/amupxm/xmus-router/router.go:48.32,50.3 1 0
github.com/amupxm/xmus-router/router.go:51.40,53.3 1 0
github.com/amupxm/xmus-router/router.go:59.104,60.43 1 1
github.com/amupxm/xmus-router/router.go:63.2,64.34 2 1
github.com/amupxm/xmus-router/router.go:67.2,68.11 2 1
github.com/amupxm/xmus-router/router.go:60.43,61.13 1 0
github.com/amupxm/xmus-router/router.go:64.34,66.3 1 1
github.com/amupxm/xmus-router/router.go:70.69,76.41 1 1
github.com/amupxm/xmus-router/router.go:79.2,79.46 1 1
github.com/amupxm/xmus-router/router.go:112.2,112.43 1 0
github.com/amupxm/xmus-router/router.go:76.41,78.3 1 1
github.com/amupxm/xmus-router/router.go:79.46,85.59 5 1
github.com/amupxm/xmus-router/router.go:89.3,91.33 2 1
github.com/amupxm/xmus-router/router.go:94.3,94.46 1 1
github.com/amupxm/xmus-router/router.go:85.59,88.4 2 1
github.com/amupxm/xmus-router/router.go:91.33,92.12 1 1
github.com/amupxm/xmus-router/router.go:94.46,95.33 1 1
github.com/amupxm/xmus-router/router.go:108.4,109.10 2 1
github.com/amupxm/xmus-router/router.go:95.33,96.26 1 1
github.com/amupxm/xmus-router/router.go:96.26,98.35 1 1
github.com/amupxm/xmus-router/router.go:103.6,103.27 1 1
github.com/amupxm/xmus-router/router.go:98.35,102.7 2 0
github.com/amupxm/xmus-router/router.go:103.27,104.12 1 1
github.com/amupxm/xmus-router/router.go:115.141,117.31 2 1
github.com/amupxm/xmus-router/router.go:127.2,127.37 1 0
github.com/amupxm/xmus-router/router.go:117.31,118.31 1 1
github.com/amupxm/xmus-router/router.go:118.31,119.17 1 1
github.com/amupxm/xmus-router/router.go:122.4,123.10 2 1
github.com/amupxm/xmus-router/router.go:119.17,121.5 1 1
github.com/amupxm/xmus-router/router.go:130.84,136.2 1 1
github.com/amupxm/xmus-router/router.go:138.105,140.17 1 1
github.com/amupxm/xmus-router/router.go:159.2,161.26 3 1
github.com/amupxm/xmus-router/router.go:167.2,167.13 1 1
github.com/amupxm/xmus-router/router.go:140.17,142.19 2 0
github.com/amupxm/xmus-router/router.go:156.3,156.74 1 0
github.com/amupxm/xmus-router/router.go:143.14,144.15 1 0
github.com/amupxm/xmus-router/router.go:145.15,146.14 1 0
github.com/amupxm/xmus-router/router.go:147.14,148.16 1 0
github.com/amupxm/xmus-router/router.go:149.17,150.13 1 0
github.com/amupxm/xmus-router/router.go:151.16,152.16 1 0
github.com/amupxm/xmus-router/router.go:153.11,154.15 1 0
github.com/amupxm/xmus-router/router.go:161.26,163.13 2 0
github.com/amupxm/xmus-router/router.go:163.13,164.9 1 0
github.com/amupxm/xmus-router/router.go:167.13,169.3 1 1
github.com/amupxm/xmus-router/router_context.go:10.46,14.2 3 1
github.com/amupxm/xmus-router/router_context.go:15.71,18.2 2 1
github.com/amupxm/xmus-router/router_context.go:19.57,22.2 2 1
github.com/amupxm/xmus-router/router_context.go:32.64,35.25 3 1
github.com/amupxm/xmus-router/router_context.go:40.2,40.23 1 1
github.com/amupxm/xmus-router/router_context.go:35.25,36.32 1 1
github.com/amupxm/xmus-router/router_context.go:36.32,38.4 1 1
github.com/amupxm/xmus-router/router_context.go:42.51,44.2 1 1
github.com/amupxm/xmus-router/error_handlers.go:4.38,6.2 1 0
github.com/amupxm/xmus-router/error_handlers.go:9.39,11.2 1 0
